<?xml version="1.0" encoding="UTF-8"?>
<testng-results skipped="0" failed="0" ignored="0" total="1" passed="1">
  <reporter-output>
  </reporter-output>
  <suite name="Default suite" duration-ms="6563" started-at="2018-07-12T21:37:05Z" finished-at="2018-07-12T21:37:11Z">
    <groups>
    </groups>
    <test name="Default test" duration-ms="6563" started-at="2018-07-12T21:37:05Z" finished-at="2018-07-12T21:37:11Z">
      <class name="com.rest.service.qa_automation_test_task_GoutamP.GetCommentsAPITest">
        <test-method status="PASS" signature="dataSetUp()[pri:0, instance:com.rest.service.qa_automation_test_task_GoutamP.GetCommentsAPITest@cc285f4]" name="dataSetUp" is-config="true" duration-ms="9" started-at="2018-07-12T21:37:05Z" finished-at="2018-07-12T21:37:05Z">
          <reporter-output>
          </reporter-output>
        </test-method> <!-- dataSetUp -->
        <test-method status="PASS" signature="getCommentsAPITest()[pri:1, instance:com.rest.service.qa_automation_test_task_GoutamP.GetCommentsAPITest@cc285f4]" name="getCommentsAPITest" duration-ms="6535" started-at="2018-07-12T21:37:05Z" finished-at="2018-07-12T21:37:11Z">
          <reporter-output>
          </reporter-output>
        </test-method> <!-- getCommentsAPITest -->
      </class> <!-- com.rest.service.qa_automation_test_task_GoutamP.GetCommentsAPITest -->
    </test> <!-- Default test -->
  </suite> <!-- Default suite -->
</testng-results>
